<?xml version="1.0" encoding="UTF-8"?>
<!-- Generated by org.testng.reporters.JUnitXMLReporter -->
<testsuite ignored="2" hostname="SHARDUL" failures="0" tests="0" time="0.161" errors="0" timestamp="2023-08-26T14:54:09 IST">
  <testcase classname="com.herokuapp.test.Test_WYSIWYG_Editor" name="WYSIWYG_Editor" time="0.0">
    <ignored/>
  </testcase> <!-- WYSIWYG_Editor -->
  <testcase classname="com.herokuapp.test.Test_JQuery_UI_Menus" name="JQuery_UI_Menus" time="0.0">
    <ignored/>
  </testcase> <!-- JQuery_UI_Menus -->
</testsuite>
