<?xml version="1.0" encoding="UTF-8"?>
<!-- Generated by org.testng.reporters.JUnitXMLReporter -->
<testsuite ignored="3" hostname="SHARDUL" failures="0" tests="4" name="functional testing" time="44.083" errors="0" timestamp="2023-07-29T00:32:19 IST">
  <testcase classname="com.herokuapp.test.Test_DynamicControls" name="DynamicControls" time="7.484"/>
  <testcase classname="com.herokuapp.test.Test_Sortable_Data_Tables" name="Sortable_Data_Tables" time="1.068"/>
  <testcase classname="com.herokuapp.test.Test_Notification_Messages" name="Notification_Messages" time="5.929"/>
  <testcase classname="com.herokuapp.test.Test_Inputs" name="Inputs" time="4.436"/>
  <testcase classname="com.herokuapp.Base.Base" name="@AfterSuite openReport" time="0.0">
    <ignored/>
  </testcase> <!-- @AfterSuite openReport -->
  <testcase classname="com.herokuapp.Base.Base" name="@AfterSuite openReport" time="0.0">
    <ignored/>
  </testcase> <!-- @AfterSuite openReport -->
  <testcase classname="com.herokuapp.Base.Base" name="@AfterSuite openReport" time="0.0">
    <ignored/>
  </testcase> <!-- @AfterSuite openReport -->
</testsuite> <!-- functional testing -->
